<?xml version="1.0" encoding="UTF-8"?>
<!-- Generated by org.testng.reporters.JUnitReportReporter -->
<testsuite hostname="INHL1290" failures="0" tests="4" name="api.test.UserTests" time="9.359" errors="0" timestamp="2023-08-31T15:00:06 IST" skipped="0">
  <testcase classname="api.test.UserTests" name="testPostUser" time="3.497"/>
  <system-out/>
  <testcase classname="api.test.UserTests" name="testGetUser" time="1.466"/>
  <system-out/>
  <testcase classname="api.test.UserTests" name="testUpdateUser" time="2.952"/>
  <system-out/>
  <testcase classname="api.test.UserTests" name="testDeleteUser" time="1.444"/>
  <system-out/>
</testsuite> <!-- api.test.UserTests -->
